INFO - 2023-07-11 01:07:21 --> Session: Class initialized using 'CodeIgniter\Session\Handlers\FileHandler' driver.
INFO - 2023-07-11 01:08:21 --> Session: Class initialized using 'CodeIgniter\Session\Handlers\FileHandler' driver.
INFO - 2023-07-11 01:08:23 --> Session: Class initialized using 'CodeIgniter\Session\Handlers\FileHandler' driver.
CRITICAL - 2023-07-11 01:08:23 --> Undefined array key "id_loc"
in APPPATH\Views\lokasi\edit.php on line 21.
 1 APPPATH\Views\lokasi\edit.php(21): CodeIgniter\Debug\Exceptions->errorHandler(2, 'Undefined array key "id_loc"', 'D:\\GitHub\\aplikasi-event-bandarlampung-ci4\\EventApp\\app\\Views\\lokasi\\edit.php', 21)
 2 SYSTEMPATH\View\View.php(213): include('D:\\GitHub\\aplikasi-event-bandarlampung-ci4\\EventApp\\app\\Views\\lokasi\\edit.php')
 3 SYSTEMPATH\View\View.php(216): CodeIgniter\View\View->CodeIgniter\View\{closure}()
 4 SYSTEMPATH\Common.php(1184): CodeIgniter\View\View->render('lokasi/edit', [], true)
 5 APPPATH\Controllers\Lokasi.php(26): view('lokasi/edit', [...])
 6 SYSTEMPATH\CodeIgniter.php(934): App\Controllers\Lokasi->update(' 3')
 7 SYSTEMPATH\CodeIgniter.php(499): CodeIgniter\CodeIgniter->runController(Object(App\Controllers\Lokasi))
 8 SYSTEMPATH\CodeIgniter.php(368): CodeIgniter\CodeIgniter->handleRequest(null, Object(Config\Cache), false)
 9 FCPATH\index.php(67): CodeIgniter\CodeIgniter->run()
10 SYSTEMPATH\Commands\Server\rewrite.php(47): require_once('D:\\GitHub\\aplikasi-event-bandarlampung-ci4\\EventApp\\public\\index.php')
INFO - 2023-07-11 01:09:40 --> Session: Class initialized using 'CodeIgniter\Session\Handlers\FileHandler' driver.
CRITICAL - 2023-07-11 01:09:40 --> Undefined array key "id_loc"
in APPPATH\Views\lokasi\edit.php on line 21.
 1 APPPATH\Views\lokasi\edit.php(21): CodeIgniter\Debug\Exceptions->errorHandler(2, 'Undefined array key "id_loc"', 'D:\\GitHub\\aplikasi-event-bandarlampung-ci4\\EventApp\\app\\Views\\lokasi\\edit.php', 21)
 2 SYSTEMPATH\View\View.php(213): include('D:\\GitHub\\aplikasi-event-bandarlampung-ci4\\EventApp\\app\\Views\\lokasi\\edit.php')
 3 SYSTEMPATH\View\View.php(216): CodeIgniter\View\View->CodeIgniter\View\{closure}()
 4 SYSTEMPATH\Common.php(1184): CodeIgniter\View\View->render('lokasi/edit', [], true)
 5 APPPATH\Controllers\Lokasi.php(26): view('lokasi/edit', [...])
 6 SYSTEMPATH\CodeIgniter.php(934): App\Controllers\Lokasi->update(' 3')
 7 SYSTEMPATH\CodeIgniter.php(499): CodeIgniter\CodeIgniter->runController(Object(App\Controllers\Lokasi))
 8 SYSTEMPATH\CodeIgniter.php(368): CodeIgniter\CodeIgniter->handleRequest(null, Object(Config\Cache), false)
 9 FCPATH\index.php(67): CodeIgniter\CodeIgniter->run()
10 SYSTEMPATH\Commands\Server\rewrite.php(47): require_once('D:\\GitHub\\aplikasi-event-bandarlampung-ci4\\EventApp\\public\\index.php')
INFO - 2023-07-11 01:09:43 --> Session: Class initialized using 'CodeIgniter\Session\Handlers\FileHandler' driver.
ERROR - 2023-07-11 01:09:49 --> mysqli_sql_exception: Cannot delete or update a parent row: a foreign key constraint fails (`db_event`.`event`, CONSTRAINT `event_ibfk_2` FOREIGN KEY (`id_loc`) REFERENCES `lokasi` (`id_loc`)) in D:\GitHub\aplikasi-event-bandarlampung-ci4\EventApp\system\Database\MySQLi\Connection.php:295
Stack trace:
#0 D:\GitHub\aplikasi-event-bandarlampung-ci4\EventApp\system\Database\MySQLi\Connection.php(295): mysqli->query('DELETE FROM `lo...', 0)
#1 D:\GitHub\aplikasi-event-bandarlampung-ci4\EventApp\system\Database\BaseConnection.php(692): CodeIgniter\Database\MySQLi\Connection->execute('DELETE FROM `lo...')
#2 D:\GitHub\aplikasi-event-bandarlampung-ci4\EventApp\system\Database\BaseConnection.php(606): CodeIgniter\Database\BaseConnection->simpleQuery('DELETE FROM `lo...')
#3 D:\GitHub\aplikasi-event-bandarlampung-ci4\EventApp\system\Database\BaseBuilder.php(2791): CodeIgniter\Database\BaseConnection->query('DELETE FROM `lo...', Array, false)
#4 D:\GitHub\aplikasi-event-bandarlampung-ci4\EventApp\system\Model.php(456): CodeIgniter\Database\BaseBuilder->delete()
#5 D:\GitHub\aplikasi-event-bandarlampung-ci4\EventApp\system\BaseModel.php(1065): CodeIgniter\Model->doDelete(Array, false)
#6 D:\GitHub\aplikasi-event-bandarlampung-ci4\EventApp\app\Controllers\Lokasi.php(32): CodeIgniter\BaseModel->delete(Array)
#7 D:\GitHub\aplikasi-event-bandarlampung-ci4\EventApp\system\CodeIgniter.php(934): App\Controllers\Lokasi->destroy('6')
#8 D:\GitHub\aplikasi-event-bandarlampung-ci4\EventApp\system\CodeIgniter.php(499): CodeIgniter\CodeIgniter->runController(Object(App\Controllers\Lokasi))
#9 D:\GitHub\aplikasi-event-bandarlampung-ci4\EventApp\system\CodeIgniter.php(368): CodeIgniter\CodeIgniter->handleRequest(NULL, Object(Config\Cache), false)
#10 D:\GitHub\aplikasi-event-bandarlampung-ci4\EventApp\public\index.php(67): CodeIgniter\CodeIgniter->run()
#11 D:\GitHub\aplikasi-event-bandarlampung-ci4\EventApp\system\Commands\Server\rewrite.php(47): require_once('D:\\GitHub\\aplik...')
#12 {main}
CRITICAL - 2023-07-11 01:09:49 --> Cannot delete or update a parent row: a foreign key constraint fails (`db_event`.`event`, CONSTRAINT `event_ibfk_2` FOREIGN KEY (`id_loc`) REFERENCES `lokasi` (`id_loc`))
in SYSTEMPATH\Database\MySQLi\Connection.php on line 295.
 1 SYSTEMPATH\Database\MySQLi\Connection.php(295): mysqli->query('DELETE FROM `lokasi`
WHERE `id_loc` IN (\'6\')', 0)
 2 SYSTEMPATH\Database\BaseConnection.php(692): CodeIgniter\Database\MySQLi\Connection->execute('DELETE FROM `lokasi`
WHERE `id_loc` IN (\'6\')')
 3 SYSTEMPATH\Database\BaseConnection.php(606): CodeIgniter\Database\BaseConnection->simpleQuery('DELETE FROM `lokasi`
WHERE `id_loc` IN (\'6\')')
 4 SYSTEMPATH\Database\BaseBuilder.php(2791): CodeIgniter\Database\BaseConnection->query('DELETE FROM `lokasi`
WHERE `id_loc` IN :id_loc:', [...], false)
 5 SYSTEMPATH\Model.php(456): CodeIgniter\Database\BaseBuilder->delete()
 6 SYSTEMPATH\BaseModel.php(1065): CodeIgniter\Model->doDelete([...], false)
 7 APPPATH\Controllers\Lokasi.php(32): CodeIgniter\BaseModel->delete([...])
 8 SYSTEMPATH\CodeIgniter.php(934): App\Controllers\Lokasi->destroy('6')
 9 SYSTEMPATH\CodeIgniter.php(499): CodeIgniter\CodeIgniter->runController(Object(App\Controllers\Lokasi))
10 SYSTEMPATH\CodeIgniter.php(368): CodeIgniter\CodeIgniter->handleRequest(null, Object(Config\Cache), false)
11 FCPATH\index.php(67): CodeIgniter\CodeIgniter->run()
12 SYSTEMPATH\Commands\Server\rewrite.php(47): require_once('D:\\GitHub\\aplikasi-event-bandarlampung-ci4\\EventApp\\public\\index.php')
INFO - 2023-07-11 01:13:06 --> Session: Class initialized using 'CodeIgniter\Session\Handlers\FileHandler' driver.
INFO - 2023-07-11 01:13:21 --> Session: Class initialized using 'CodeIgniter\Session\Handlers\FileHandler' driver.
INFO - 2023-07-11 01:13:23 --> Session: Class initialized using 'CodeIgniter\Session\Handlers\FileHandler' driver.
CRITICAL - 2023-07-11 01:13:23 --> Undefined array key "id_loc"
in APPPATH\Views\lokasi\edit.php on line 21.
 1 APPPATH\Views\lokasi\edit.php(21): CodeIgniter\Debug\Exceptions->errorHandler(2, 'Undefined array key "id_loc"', 'D:\\GitHub\\aplikasi-event-bandarlampung-ci4\\EventApp\\app\\Views\\lokasi\\edit.php', 21)
 2 SYSTEMPATH\View\View.php(213): include('D:\\GitHub\\aplikasi-event-bandarlampung-ci4\\EventApp\\app\\Views\\lokasi\\edit.php')
 3 SYSTEMPATH\View\View.php(216): CodeIgniter\View\View->CodeIgniter\View\{closure}()
 4 SYSTEMPATH\Common.php(1184): CodeIgniter\View\View->render('lokasi/edit', [], true)
 5 APPPATH\Controllers\Lokasi.php(26): view('lokasi/edit', [...])
 6 SYSTEMPATH\CodeIgniter.php(934): App\Controllers\Lokasi->update(' 1')
 7 SYSTEMPATH\CodeIgniter.php(499): CodeIgniter\CodeIgniter->runController(Object(App\Controllers\Lokasi))
 8 SYSTEMPATH\CodeIgniter.php(368): CodeIgniter\CodeIgniter->handleRequest(null, Object(Config\Cache), false)
 9 FCPATH\index.php(67): CodeIgniter\CodeIgniter->run()
10 SYSTEMPATH\Commands\Server\rewrite.php(47): require_once('D:\\GitHub\\aplikasi-event-bandarlampung-ci4\\EventApp\\public\\index.php')
INFO - 2023-07-11 01:13:26 --> Session: Class initialized using 'CodeIgniter\Session\Handlers\FileHandler' driver.
ERROR - 2023-07-11 01:13:33 --> mysqli_sql_exception: Cannot delete or update a parent row: a foreign key constraint fails (`db_event`.`event`, CONSTRAINT `event_ibfk_2` FOREIGN KEY (`id_loc`) REFERENCES `lokasi` (`id_loc`)) in D:\GitHub\aplikasi-event-bandarlampung-ci4\EventApp\system\Database\MySQLi\Connection.php:295
Stack trace:
#0 D:\GitHub\aplikasi-event-bandarlampung-ci4\EventApp\system\Database\MySQLi\Connection.php(295): mysqli->query('DELETE FROM `lo...', 0)
#1 D:\GitHub\aplikasi-event-bandarlampung-ci4\EventApp\system\Database\BaseConnection.php(692): CodeIgniter\Database\MySQLi\Connection->execute('DELETE FROM `lo...')
#2 D:\GitHub\aplikasi-event-bandarlampung-ci4\EventApp\system\Database\BaseConnection.php(606): CodeIgniter\Database\BaseConnection->simpleQuery('DELETE FROM `lo...')
#3 D:\GitHub\aplikasi-event-bandarlampung-ci4\EventApp\system\Database\BaseBuilder.php(2791): CodeIgniter\Database\BaseConnection->query('DELETE FROM `lo...', Array, false)
#4 D:\GitHub\aplikasi-event-bandarlampung-ci4\EventApp\system\Model.php(456): CodeIgniter\Database\BaseBuilder->delete()
#5 D:\GitHub\aplikasi-event-bandarlampung-ci4\EventApp\system\BaseModel.php(1065): CodeIgniter\Model->doDelete(Array, false)
#6 D:\GitHub\aplikasi-event-bandarlampung-ci4\EventApp\app\Controllers\Lokasi.php(32): CodeIgniter\BaseModel->delete(Array)
#7 D:\GitHub\aplikasi-event-bandarlampung-ci4\EventApp\system\CodeIgniter.php(934): App\Controllers\Lokasi->destroy('6')
#8 D:\GitHub\aplikasi-event-bandarlampung-ci4\EventApp\system\CodeIgniter.php(499): CodeIgniter\CodeIgniter->runController(Object(App\Controllers\Lokasi))
#9 D:\GitHub\aplikasi-event-bandarlampung-ci4\EventApp\system\CodeIgniter.php(368): CodeIgniter\CodeIgniter->handleRequest(NULL, Object(Config\Cache), false)
#10 D:\GitHub\aplikasi-event-bandarlampung-ci4\EventApp\public\index.php(67): CodeIgniter\CodeIgniter->run()
#11 D:\GitHub\aplikasi-event-bandarlampung-ci4\EventApp\system\Commands\Server\rewrite.php(47): require_once('D:\\GitHub\\aplik...')
#12 {main}
CRITICAL - 2023-07-11 01:13:33 --> Cannot delete or update a parent row: a foreign key constraint fails (`db_event`.`event`, CONSTRAINT `event_ibfk_2` FOREIGN KEY (`id_loc`) REFERENCES `lokasi` (`id_loc`))
in SYSTEMPATH\Database\MySQLi\Connection.php on line 295.
 1 SYSTEMPATH\Database\MySQLi\Connection.php(295): mysqli->query('DELETE FROM `lokasi`
WHERE `id_loc` IN (\'6\')', 0)
 2 SYSTEMPATH\Database\BaseConnection.php(692): CodeIgniter\Database\MySQLi\Connection->execute('DELETE FROM `lokasi`
WHERE `id_loc` IN (\'6\')')
 3 SYSTEMPATH\Database\BaseConnection.php(606): CodeIgniter\Database\BaseConnection->simpleQuery('DELETE FROM `lokasi`
WHERE `id_loc` IN (\'6\')')
 4 SYSTEMPATH\Database\BaseBuilder.php(2791): CodeIgniter\Database\BaseConnection->query('DELETE FROM `lokasi`
WHERE `id_loc` IN :id_loc:', [...], false)
 5 SYSTEMPATH\Model.php(456): CodeIgniter\Database\BaseBuilder->delete()
 6 SYSTEMPATH\BaseModel.php(1065): CodeIgniter\Model->doDelete([...], false)
 7 APPPATH\Controllers\Lokasi.php(32): CodeIgniter\BaseModel->delete([...])
 8 SYSTEMPATH\CodeIgniter.php(934): App\Controllers\Lokasi->destroy('6')
 9 SYSTEMPATH\CodeIgniter.php(499): CodeIgniter\CodeIgniter->runController(Object(App\Controllers\Lokasi))
10 SYSTEMPATH\CodeIgniter.php(368): CodeIgniter\CodeIgniter->handleRequest(null, Object(Config\Cache), false)
11 FCPATH\index.php(67): CodeIgniter\CodeIgniter->run()
12 SYSTEMPATH\Commands\Server\rewrite.php(47): require_once('D:\\GitHub\\aplikasi-event-bandarlampung-ci4\\EventApp\\public\\index.php')
INFO - 2023-07-11 01:18:42 --> Session: Class initialized using 'CodeIgniter\Session\Handlers\FileHandler' driver.
INFO - 2023-07-11 01:18:44 --> Session: Class initialized using 'CodeIgniter\Session\Handlers\FileHandler' driver.
INFO - 2023-07-11 01:18:56 --> Session: Class initialized using 'CodeIgniter\Session\Handlers\FileHandler' driver.
INFO - 2023-07-11 01:18:56 --> Session: Class initialized using 'CodeIgniter\Session\Handlers\FileHandler' driver.
INFO - 2023-07-11 01:19:00 --> Session: Class initialized using 'CodeIgniter\Session\Handlers\FileHandler' driver.
INFO - 2023-07-11 01:19:18 --> Session: Class initialized using 'CodeIgniter\Session\Handlers\FileHandler' driver.
INFO - 2023-07-11 01:19:19 --> Session: Class initialized using 'CodeIgniter\Session\Handlers\FileHandler' driver.
INFO - 2023-07-11 01:19:47 --> Session: Class initialized using 'CodeIgniter\Session\Handlers\FileHandler' driver.
CRITICAL - 2023-07-11 01:19:47 --> Undefined array key "id_loc"
in APPPATH\Views\lokasi\edit.php on line 21.
 1 APPPATH\Views\lokasi\edit.php(21): CodeIgniter\Debug\Exceptions->errorHandler(2, 'Undefined array key "id_loc"', 'D:\\GitHub\\aplikasi-event-bandarlampung-ci4\\EventApp\\app\\Views\\lokasi\\edit.php', 21)
 2 SYSTEMPATH\View\View.php(213): include('D:\\GitHub\\aplikasi-event-bandarlampung-ci4\\EventApp\\app\\Views\\lokasi\\edit.php')
 3 SYSTEMPATH\View\View.php(216): CodeIgniter\View\View->CodeIgniter\View\{closure}()
 4 SYSTEMPATH\Common.php(1184): CodeIgniter\View\View->render('lokasi/edit', [], true)
 5 APPPATH\Controllers\Lokasi.php(26): view('lokasi/edit', [...])
 6 SYSTEMPATH\CodeIgniter.php(934): App\Controllers\Lokasi->update(' 2')
 7 SYSTEMPATH\CodeIgniter.php(499): CodeIgniter\CodeIgniter->runController(Object(App\Controllers\Lokasi))
 8 SYSTEMPATH\CodeIgniter.php(368): CodeIgniter\CodeIgniter->handleRequest(null, Object(Config\Cache), false)
 9 FCPATH\index.php(67): CodeIgniter\CodeIgniter->run()
10 SYSTEMPATH\Commands\Server\rewrite.php(47): require_once('D:\\GitHub\\aplikasi-event-bandarlampung-ci4\\EventApp\\public\\index.php')
INFO - 2023-07-11 01:19:50 --> Session: Class initialized using 'CodeIgniter\Session\Handlers\FileHandler' driver.
ERROR - 2023-07-11 01:19:53 --> mysqli_sql_exception: Cannot delete or update a parent row: a foreign key constraint fails (`db_event`.`event`, CONSTRAINT `event_ibfk_2` FOREIGN KEY (`id_loc`) REFERENCES `lokasi` (`id_loc`)) in D:\GitHub\aplikasi-event-bandarlampung-ci4\EventApp\system\Database\MySQLi\Connection.php:295
Stack trace:
#0 D:\GitHub\aplikasi-event-bandarlampung-ci4\EventApp\system\Database\MySQLi\Connection.php(295): mysqli->query('DELETE FROM `lo...', 0)
#1 D:\GitHub\aplikasi-event-bandarlampung-ci4\EventApp\system\Database\BaseConnection.php(692): CodeIgniter\Database\MySQLi\Connection->execute('DELETE FROM `lo...')
#2 D:\GitHub\aplikasi-event-bandarlampung-ci4\EventApp\system\Database\BaseConnection.php(606): CodeIgniter\Database\BaseConnection->simpleQuery('DELETE FROM `lo...')
#3 D:\GitHub\aplikasi-event-bandarlampung-ci4\EventApp\system\Database\BaseBuilder.php(2791): CodeIgniter\Database\BaseConnection->query('DELETE FROM `lo...', Array, false)
#4 D:\GitHub\aplikasi-event-bandarlampung-ci4\EventApp\system\Model.php(456): CodeIgniter\Database\BaseBuilder->delete()
#5 D:\GitHub\aplikasi-event-bandarlampung-ci4\EventApp\system\BaseModel.php(1065): CodeIgniter\Model->doDelete(Array, false)
#6 D:\GitHub\aplikasi-event-bandarlampung-ci4\EventApp\app\Controllers\Lokasi.php(32): CodeIgniter\BaseModel->delete(Array)
#7 D:\GitHub\aplikasi-event-bandarlampung-ci4\EventApp\system\CodeIgniter.php(934): App\Controllers\Lokasi->destroy('2')
#8 D:\GitHub\aplikasi-event-bandarlampung-ci4\EventApp\system\CodeIgniter.php(499): CodeIgniter\CodeIgniter->runController(Object(App\Controllers\Lokasi))
#9 D:\GitHub\aplikasi-event-bandarlampung-ci4\EventApp\system\CodeIgniter.php(368): CodeIgniter\CodeIgniter->handleRequest(NULL, Object(Config\Cache), false)
#10 D:\GitHub\aplikasi-event-bandarlampung-ci4\EventApp\public\index.php(67): CodeIgniter\CodeIgniter->run()
#11 D:\GitHub\aplikasi-event-bandarlampung-ci4\EventApp\system\Commands\Server\rewrite.php(47): require_once('D:\\GitHub\\aplik...')
#12 {main}
CRITICAL - 2023-07-11 01:19:53 --> Cannot delete or update a parent row: a foreign key constraint fails (`db_event`.`event`, CONSTRAINT `event_ibfk_2` FOREIGN KEY (`id_loc`) REFERENCES `lokasi` (`id_loc`))
in SYSTEMPATH\Database\MySQLi\Connection.php on line 295.
 1 SYSTEMPATH\Database\MySQLi\Connection.php(295): mysqli->query('DELETE FROM `lokasi`
WHERE `id_loc` IN (\'2\')', 0)
 2 SYSTEMPATH\Database\BaseConnection.php(692): CodeIgniter\Database\MySQLi\Connection->execute('DELETE FROM `lokasi`
WHERE `id_loc` IN (\'2\')')
 3 SYSTEMPATH\Database\BaseConnection.php(606): CodeIgniter\Database\BaseConnection->simpleQuery('DELETE FROM `lokasi`
WHERE `id_loc` IN (\'2\')')
 4 SYSTEMPATH\Database\BaseBuilder.php(2791): CodeIgniter\Database\BaseConnection->query('DELETE FROM `lokasi`
WHERE `id_loc` IN :id_loc:', [...], false)
 5 SYSTEMPATH\Model.php(456): CodeIgniter\Database\BaseBuilder->delete()
 6 SYSTEMPATH\BaseModel.php(1065): CodeIgniter\Model->doDelete([...], false)
 7 APPPATH\Controllers\Lokasi.php(32): CodeIgniter\BaseModel->delete([...])
 8 SYSTEMPATH\CodeIgniter.php(934): App\Controllers\Lokasi->destroy('2')
 9 SYSTEMPATH\CodeIgniter.php(499): CodeIgniter\CodeIgniter->runController(Object(App\Controllers\Lokasi))
10 SYSTEMPATH\CodeIgniter.php(368): CodeIgniter\CodeIgniter->handleRequest(null, Object(Config\Cache), false)
11 FCPATH\index.php(67): CodeIgniter\CodeIgniter->run()
12 SYSTEMPATH\Commands\Server\rewrite.php(47): require_once('D:\\GitHub\\aplikasi-event-bandarlampung-ci4\\EventApp\\public\\index.php')
INFO - 2023-07-11 01:20:08 --> Session: Class initialized using 'CodeIgniter\Session\Handlers\FileHandler' driver.
INFO - 2023-07-11 01:20:11 --> Session: Class initialized using 'CodeIgniter\Session\Handlers\FileHandler' driver.
INFO - 2023-07-11 01:20:24 --> Session: Class initialized using 'CodeIgniter\Session\Handlers\FileHandler' driver.
INFO - 2023-07-11 01:20:25 --> Session: Class initialized using 'CodeIgniter\Session\Handlers\FileHandler' driver.
INFO - 2023-07-11 01:20:30 --> Session: Class initialized using 'CodeIgniter\Session\Handlers\FileHandler' driver.
INFO - 2023-07-11 01:20:43 --> Session: Class initialized using 'CodeIgniter\Session\Handlers\FileHandler' driver.
INFO - 2023-07-11 01:20:44 --> Session: Class initialized using 'CodeIgniter\Session\Handlers\FileHandler' driver.
INFO - 2023-07-11 01:23:06 --> Session: Class initialized using 'CodeIgniter\Session\Handlers\FileHandler' driver.
INFO - 2023-07-11 01:23:16 --> Session: Class initialized using 'CodeIgniter\Session\Handlers\FileHandler' driver.
INFO - 2023-07-11 01:23:16 --> Session: Class initialized using 'CodeIgniter\Session\Handlers\FileHandler' driver.
INFO - 2023-07-11 01:24:07 --> Session: Class initialized using 'CodeIgniter\Session\Handlers\FileHandler' driver.
INFO - 2023-07-11 01:24:07 --> Session: Class initialized using 'CodeIgniter\Session\Handlers\FileHandler' driver.
INFO - 2023-07-11 01:26:56 --> Session: Class initialized using 'CodeIgniter\Session\Handlers\FileHandler' driver.
INFO - 2023-07-11 01:26:56 --> Session: Class initialized using 'CodeIgniter\Session\Handlers\FileHandler' driver.
INFO - 2023-07-11 01:27:07 --> Session: Class initialized using 'CodeIgniter\Session\Handlers\FileHandler' driver.
INFO - 2023-07-11 01:27:07 --> Session: Class initialized using 'CodeIgniter\Session\Handlers\FileHandler' driver.
INFO - 2023-07-11 01:33:45 --> Session: Class initialized using 'CodeIgniter\Session\Handlers\FileHandler' driver.
INFO - 2023-07-11 01:33:52 --> Session: Class initialized using 'CodeIgniter\Session\Handlers\FileHandler' driver.
INFO - 2023-07-11 01:33:52 --> Session: Class initialized using 'CodeIgniter\Session\Handlers\FileHandler' driver.
INFO - 2023-07-11 01:34:09 --> Session: Class initialized using 'CodeIgniter\Session\Handlers\FileHandler' driver.
CRITICAL - 2023-07-11 01:34:09 --> Undefined array key "id_loc"
in APPPATH\Views\lokasi\edit.php on line 21.
 1 APPPATH\Views\lokasi\edit.php(21): CodeIgniter\Debug\Exceptions->errorHandler(2, 'Undefined array key "id_loc"', 'D:\\GitHub\\aplikasi-event-bandarlampung-ci4\\EventApp\\app\\Views\\lokasi\\edit.php', 21)
 2 SYSTEMPATH\View\View.php(213): include('D:\\GitHub\\aplikasi-event-bandarlampung-ci4\\EventApp\\app\\Views\\lokasi\\edit.php')
 3 SYSTEMPATH\View\View.php(216): CodeIgniter\View\View->CodeIgniter\View\{closure}()
 4 SYSTEMPATH\Common.php(1184): CodeIgniter\View\View->render('lokasi/edit', [], true)
 5 APPPATH\Controllers\Lokasi.php(26): view('lokasi/edit', [...])
 6 SYSTEMPATH\CodeIgniter.php(934): App\Controllers\Lokasi->update(' 3')
 7 SYSTEMPATH\CodeIgniter.php(499): CodeIgniter\CodeIgniter->runController(Object(App\Controllers\Lokasi))
 8 SYSTEMPATH\CodeIgniter.php(368): CodeIgniter\CodeIgniter->handleRequest(null, Object(Config\Cache), false)
 9 FCPATH\index.php(67): CodeIgniter\CodeIgniter->run()
10 SYSTEMPATH\Commands\Server\rewrite.php(47): require_once('D:\\GitHub\\aplikasi-event-bandarlampung-ci4\\EventApp\\public\\index.php')
INFO - 2023-07-11 01:34:13 --> Session: Class initialized using 'CodeIgniter\Session\Handlers\FileHandler' driver.
INFO - 2023-07-11 01:35:03 --> Session: Class initialized using 'CodeIgniter\Session\Handlers\FileHandler' driver.
CRITICAL - 2023-07-11 01:35:03 --> Undefined array key "id_loc"
in APPPATH\Views\lokasi\edit.php on line 21.
 1 APPPATH\Views\lokasi\edit.php(21): CodeIgniter\Debug\Exceptions->errorHandler(2, 'Undefined array key "id_loc"', 'D:\\GitHub\\aplikasi-event-bandarlampung-ci4\\EventApp\\app\\Views\\lokasi\\edit.php', 21)
 2 SYSTEMPATH\View\View.php(213): include('D:\\GitHub\\aplikasi-event-bandarlampung-ci4\\EventApp\\app\\Views\\lokasi\\edit.php')
 3 SYSTEMPATH\View\View.php(216): CodeIgniter\View\View->CodeIgniter\View\{closure}()
 4 SYSTEMPATH\Common.php(1184): CodeIgniter\View\View->render('lokasi/edit', [], true)
 5 APPPATH\Controllers\Lokasi.php(26): view('lokasi/edit', [...])
 6 SYSTEMPATH\CodeIgniter.php(934): App\Controllers\Lokasi->update(' 2')
 7 SYSTEMPATH\CodeIgniter.php(499): CodeIgniter\CodeIgniter->runController(Object(App\Controllers\Lokasi))
 8 SYSTEMPATH\CodeIgniter.php(368): CodeIgniter\CodeIgniter->handleRequest(null, Object(Config\Cache), false)
 9 FCPATH\index.php(67): CodeIgniter\CodeIgniter->run()
10 SYSTEMPATH\Commands\Server\rewrite.php(47): require_once('D:\\GitHub\\aplikasi-event-bandarlampung-ci4\\EventApp\\public\\index.php')
INFO - 2023-07-11 01:38:54 --> Session: Class initialized using 'CodeIgniter\Session\Handlers\FileHandler' driver.
INFO - 2023-07-11 01:39:08 --> Session: Class initialized using 'CodeIgniter\Session\Handlers\FileHandler' driver.
CRITICAL - 2023-07-11 01:39:46 --> Invalid file: "login/event.php"
in SYSTEMPATH\Exceptions\FrameworkException.php on line 33.
 1 SYSTEMPATH\View\View.php(201): CodeIgniter\Exceptions\FrameworkException::forInvalidFile('login/event.php')
 2 SYSTEMPATH\Common.php(1184): CodeIgniter\View\View->render('login/event', [], true)
 3 APPPATH\Controllers\User.php(11): view('login/event')
 4 SYSTEMPATH\CodeIgniter.php(934): App\Controllers\User->index()
 5 SYSTEMPATH\CodeIgniter.php(499): CodeIgniter\CodeIgniter->runController(Object(App\Controllers\User))
 6 SYSTEMPATH\CodeIgniter.php(368): CodeIgniter\CodeIgniter->handleRequest(null, Object(Config\Cache), false)
 7 FCPATH\index.php(67): CodeIgniter\CodeIgniter->run()
 8 SYSTEMPATH\Commands\Server\rewrite.php(47): require_once('D:\\GitHub\\aplikasi-event-bandarlampung-ci4\\EventApp\\public\\index.php')
INFO - 2023-07-11 01:40:22 --> Session: Class initialized using 'CodeIgniter\Session\Handlers\FileHandler' driver.
INFO - 2023-07-11 01:40:29 --> Session: Class initialized using 'CodeIgniter\Session\Handlers\FileHandler' driver.
INFO - 2023-07-11 01:40:30 --> Session: Class initialized using 'CodeIgniter\Session\Handlers\FileHandler' driver.
INFO - 2023-07-11 01:40:59 --> Session: Class initialized using 'CodeIgniter\Session\Handlers\FileHandler' driver.
INFO - 2023-07-11 01:40:59 --> Session: Class initialized using 'CodeIgniter\Session\Handlers\FileHandler' driver.
